<?xml version="1.0" encoding="UTF-8"?>
<testng-results ignored="0" total="1" passed="1" failed="0" skipped="0">
  <reporter-output>
  </reporter-output>
  <suite started-at="2023-07-26T14:16:12 IST" name="Default suite" finished-at="2023-07-26T14:16:32 IST" duration-ms="20569">
    <groups>
    </groups>
    <test started-at="2023-07-26T14:16:12 IST" name="Default test" finished-at="2023-07-26T14:16:32 IST" duration-ms="20569">
      <class name="eComProject.AmazonTest">
        <test-method signature="amazonDemo()[pri:0, instance:eComProject.AmazonTest@77fbd92c]" started-at="2023-07-26T14:16:12 IST" name="amazonDemo" finished-at="2023-07-26T14:16:32 IST" duration-ms="20517" status="PASS">
          <reporter-output>
          </reporter-output>
        </test-method> <!-- amazonDemo -->
      </class> <!-- eComProject.AmazonTest -->
    </test> <!-- Default test -->
  </suite> <!-- Default suite -->
</testng-results>
